C51 COMPILER V9.60.0.0   EXTERNAL_INTERRUPT                                                03/25/2022 16:54:09 PAGE 1   


C51 COMPILER V9.60.0.0, COMPILATION OF MODULE EXTERNAL_INTERRUPT
OBJECT MODULE PLACED IN .\Objects\external_interrupt.obj
COMPILER INVOKED BY: C:\Keil_v5\C51\BIN\C51.EXE ..\Source\external_interrupt.c OPTIMIZE(8,SPEED) BROWSE DEBUG OBJECTEXTE
                    -ND PRINT(.\Listings\external_interrupt.lst) TABS(2) OBJECT(.\Objects\external_interrupt.obj)

line level    source

   1          #include <reg51.h>
   2          #include "external_interrupt.h"
   3          #include "delay.h"
   4          #include "seven_segment_display_mpx4.h"
   5          
   6          extern unsigned char clockState;
   7          
   8          // åˆå§‹åŒ–å¤–éƒ¨ä¸­æ–­0ï¼ˆP3.2ä¸‹é™æ²¿è§¦å‘ï¼‰
   9          void Init_INT0(void)
  10          {
  11   1          IT0 = 1; // è§¦å‘æ–¹å¼ï¼Œä¸‹é™æ²¿è§¦å‘
  12   1          IE0 = 0; // æ¸…æ ‡å¿—ä½
  13   1          EX0 = 1; // å¤–éƒ¨ä¸­æ–­0çš„å¼€å…³ï¼Œå¼€
  14   1          EA = 1;  // ä¸­æ–­æ€»å¼€å…³ï¼Œå¼€
  15   1          PX0 = 0; // é…ç½®ä¼˜å…ˆçº§ï¼Œä½
  16   1      }
  17          
  18          // å¤–éƒ¨ä¸­æ–­0å¤„ç†ç¨‹åºï¼ˆä¸­æ–­å‘é‡0ï¼‰
  19          void INT0_IRQHandler(void) interrupt 0
  20          {
  21   1          // æŒ‰ä¸‹å¼€å§‹è®¡æ—¶ï¼Œå†æ¬¡æŒ‰ä¸‹åœæ­¢è®¡æ—¶ï¼Œç¬¬ä¸‰æ¬¡æŒ‰ä¸‹ï¼Œå¤ä½ä¸º00.00ï¼Œå†æ¬¡æŒ‰ä¸‹é‡å
             -¤ä¹‹å‰æ­¥éª¤
  22   1          clockState = ++clockState % 3;
  23   1      }


MODULE INFORMATION:   STATIC OVERLAYABLE
   CODE SIZE        =     35    ----
   CONSTANT SIZE    =   ----    ----
   XDATA SIZE       =   ----    ----
   PDATA SIZE       =   ----    ----
   DATA SIZE        =   ----    ----
   IDATA SIZE       =   ----    ----
   BIT SIZE         =   ----    ----
END OF MODULE INFORMATION.


C51 COMPILATION COMPLETE.  0 WARNING(S),  0 ERROR(S)
