C51 COMPILER V9.60.0.0   MAIN                                                              03/25/2022 16:54:08 PAGE 1   


C51 COMPILER V9.60.0.0, COMPILATION OF MODULE MAIN
OBJECT MODULE PLACED IN .\Objects\main.obj
COMPILER INVOKED BY: C:\Keil_v5\C51\BIN\C51.EXE ..\Source\main.c OPTIMIZE(8,SPEED) BROWSE DEBUG OBJECTEXTEND PRINT(.\Lis
                    -tings\main.lst) TABS(2) OBJECT(.\Objects\main.obj)

line level    source

   1          #include <reg51.h>
   2          #include "delay.h"
   3          #include "seven_segment_display_mpx4.h"
   4          #include "external_interrupt.h"
   5          
   6          /**
   7           * 默认显示 0000~9999 循环
   8           * 按键1 显示 1234
   9           * 按键2 显示 5678
  10           * 按键3 恢复显示 0000~9999 循环
  11           */
  12          
  13          /**
  14          1.设计一个计时器，用数码管显示，范围：00.00-99.99
  15          2.只有一个按键控制（中断方式），按下开始计时，再次按下停止计时，第三次
  16          按下，复位为00.00，再次按下重复之前步骤。
  17           */
  18          
  19          /**
  20           * @brief 数码管计时状态
  21           *
  22           * 0：默认，显示0000；1：计时，数字不断增加；2：停止，显示在当前的计数值；
  23           */
  24          unsigned char clockState = 0;
  25          
  26          void main(void)
  27          {
  28   1          unsigned int count = 0;
  29   1      
  30   1      
  31   1          // INT0 中断初始化
  32   1          Init_INT0();
  33   1      
  34   1          while (1)
  35   1          {
  36   2              if (clockState == 0)
  37   2              {
  38   3                  count = 0;
  39   3              }
  40   2              else if (clockState == 1)
  41   2              {
  42   3                  count++;
  43   3              }
  44   2      
  45   2              CommonAnodeSegmentDisplayMPX4_DisplayNumber(count);
  46   2          }
  47   1      }


MODULE INFORMATION:   STATIC OVERLAYABLE
   CODE SIZE        =     44    ----
   CONSTANT SIZE    =   ----    ----
   XDATA SIZE       =   ----    ----
   PDATA SIZE       =   ----    ----
C51 COMPILER V9.60.0.0   MAIN                                                              03/25/2022 16:54:08 PAGE 2   

   DATA SIZE        =      1       2
   IDATA SIZE       =   ----    ----
   BIT SIZE         =   ----    ----
END OF MODULE INFORMATION.


C51 COMPILATION COMPLETE.  0 WARNING(S),  0 ERROR(S)
