C51 COMPILER V9.60.0.0   SEVEN_SEGMENT_DISPLAY_MPX4                                        03/25/2022 16:54:09 PAGE 1   


C51 COMPILER V9.60.0.0, COMPILATION OF MODULE SEVEN_SEGMENT_DISPLAY_MPX4
OBJECT MODULE PLACED IN .\Objects\seven_segment_display_mpx4.obj
COMPILER INVOKED BY: C:\Keil_v5\C51\BIN\C51.EXE ..\Source\seven_segment_display_mpx4.c OPTIMIZE(8,SPEED) BROWSE DEBUG OB
                    -JECTEXTEND PRINT(.\Listings\seven_segment_display_mpx4.lst) TABS(2) OBJECT(.\Objects\seven_segment_display_mpx4.obj)

line level    source

   1          #include <reg51.h>
   2          #include "seven_segment_display_mpx4.h"
   3          #include "delay.h"
   4          
   5          // ÂÖ±Èò≥ÊûÅ 0~9 ÂØπÂ∫îÁöÑÊÆµÁ†Å
   6          unsigned char SEGMENT_CODE_COMMON_ANODE[10] = {0xC0, 0xF9, 0xA4, 0xB0, 0x99, 0x92, 0x82, 0xF8, 0x80, 0x90}
             -;
   7          
   8          // ÁÇπ‰∫ÆÊüê‰∏Ä‰ΩçÁöÑ‰ΩçÈÄâÁ†Å
   9          unsigned char BIT_CODE[4] = {0xFE, 0xFD, 0xFB, 0xF7};
  10          
  11          void CommonAnodeSegmentDisplayMPX4_DisplayNumber(unsigned int num)
  12          {
  13   1          unsigned char i;
  14   1          unsigned int j[4] = {1000, 100, 10, 1};
  15   1      
  16   1          for (i = 0; i < 4; ++i)
  17   1          {
  18   2              // ËøôÈáåÁî® pow ‰ºöÂá∫Áé∞Â•áÊÄ™ÁöÑÈîôËØØÔºåÂçïÊ≠•Ë∞ÉËØï‰∫Ü‰∏Ä‰∏ã‰πüÊ≤°Ëß£ÂÜ≥ÔºåÊöÇÊó∂ÊîæÂºÉ‰∫Ü
  19   2              // ÂÆûÈôÖ‰∏äÂõ†‰∏∫‰ΩçÊï∞Âõ∫ÂÆöÔºåÁî®Êï∞Â≠óÂíå powÔºåÊúâÁºñËØë‰ºòÂåñÁöÑËØùÔºåÂæóÂà∞ÁöÑÂ∫îËØ•ÊòØ‰∏ÄÊ
             -†∑ÁöÑÁªìÊûú
  20   2              SEGMENT_CODE_PORT = SEGMENT_CODE_COMMON_ANODE[num / j[i] % 10];
  21   2      
  22   2              BIT_CODE_PORT = BIT_CODE[i];
  23   2      
  24   2              /* Ë¶ÅÊ±ÇÁ¨¨‰∫å‰ΩçÁöÑÁÇπÂßãÁªà‰∫ÆËµ∑ */
  25   2              if (i == 1)
  26   2              {
  27   3                  SEGMENT_CODE_PORT &= 0x7F;
  28   3              }
  29   2      
  30   2              DelayXms(5); // ‰∫Æ 5 ÊØ´ÁßíÔºåÁÑ∂ÂêéÊÆµÁ†ÅÂíå‰ΩçÈÄâÁ†ÅÈÉΩÈáçÁΩÆ
  31   2      
  32   2              SEGMENT_CODE_PORT = 0xFF; // Ê∂àÂΩ±
  33   2              BIT_CODE_PORT = 0xFF;     // ÂÖ≥‰Ωç
  34   2          }
  35   1      }


MODULE INFORMATION:   STATIC OVERLAYABLE
   CODE SIZE        =    107    ----
   CONSTANT SIZE    =      8    ----
   XDATA SIZE       =   ----    ----
   PDATA SIZE       =   ----    ----
   DATA SIZE        =     14      11
   IDATA SIZE       =   ----    ----
   BIT SIZE         =   ----    ----
END OF MODULE INFORMATION.


C51 COMPILATION COMPLETE.  0 WARNING(S),  0 ERROR(S)
