C51 COMPILER V9.60.0.0   MAIN                                                              03/24/2022 01:59:08 PAGE 1   


C51 COMPILER V9.60.0.0, COMPILATION OF MODULE MAIN
OBJECT MODULE PLACED IN .\Objects\main.obj
COMPILER INVOKED BY: C:\Keil_v5\C51\BIN\C51.EXE ..\Source\main.c OPTIMIZE(8,SPEED) BROWSE DEBUG OBJECTEXTEND PRINT(.\Lis
                    -tings\main.lst) TABS(2) OBJECT(.\Objects\main.obj)

line level    source

   1          #include <reg51.h>
   2          #include "delay.h"
   3          #include "uart.h"
   4          
   5          /*
   6          MODE COM1 9600,0,8,1
   7          ASSIGN COM1<SIN>SOUT
   8          */
   9          
  10          void main(void)
  11          {
  12   1        /*
  13   1        1.单片机上电后发送「ABCD 1234」到串口助手并换行。
  14   1        2.串口助手发送「O」给单片机，单片机接收后点亮 LED0，
  15   1          串口助手发送「F」给单片机，单片机接收后关闭 LED0
  16   1        3.串口助手发送「T」给单片机，单片机接收后点亮 LED2
  17   1        4.串口助手发送「LETTER」给单片机，单片机接收后发送「姓名首字母+学号」到
             -口助手并换行
  18   1        5.串口助手发送「ALL_ON」给单片机，单片机接收后点亮所有 LED，并发送「ALL_ON
             -回串口助手
  19   1        6.串口助手发送「ALL_OFF」给单片机，单片机接收后关闭所有 LED，并发送「ALL_OFF
             -」回串口助手
  20   1        */
  21   1      
  22   1        // 串口通信初始化
  23   1        UartInit();
  24   1      
  25   1        // 测试发送
  26   1        UartSendByte('0');
  27   1        UartSendString("1234567");
  28   1        while (1)
  29   1        {
  30   2          // if (RI) // 接收中断，Receive Interrupt
  31   2          // {
  32   2          //   UartSendString("RI");
  33   2          //   RI = 0; // 清标志位（必须软件清零）
  34   2          // }
  35   2          // // 点亮 LED1~LED4
  36   2          // TurnOnLED(0);
  37   2          // TurnOnLED(1);
  38   2          // TurnOnLED(2);
  39   2          // TurnOnLED(3);
  40   2        }
  41   1      }


MODULE INFORMATION:   STATIC OVERLAYABLE
   CODE SIZE        =     19    ----
   CONSTANT SIZE    =      8    ----
   XDATA SIZE       =   ----    ----
   PDATA SIZE       =   ----    ----
   DATA SIZE        =   ----    ----
   IDATA SIZE       =   ----    ----
   BIT SIZE         =   ----    ----
C51 COMPILER V9.60.0.0   MAIN                                                              03/24/2022 01:59:08 PAGE 2   

END OF MODULE INFORMATION.


C51 COMPILATION COMPLETE.  0 WARNING(S),  0 ERROR(S)
