C51 COMPILER V9.60.0.0   EXTERNALINTERRUPT                                                 03/18/2022 11:35:52 PAGE 1   


C51 COMPILER V9.60.0.0, COMPILATION OF MODULE EXTERNALINTERRUPT
OBJECT MODULE PLACED IN .\Objects\ExternalInterrupt.obj
COMPILER INVOKED BY: C:\Keil_v5\C51\BIN\C51.EXE ..\Source\ExternalInterrupt.c OPTIMIZE(8,SPEED) BROWSE DEBUG OBJECTEXTEN
                    -D PRINT(.\Listings\ExternalInterrupt.lst) TABS(2) OBJECT(.\Objects\ExternalInterrupt.obj)

line level    source

   1          #include <reg51.h>
   2          #include "ExternalInterrupt.h"
   3          #include "led.h"
   4          #include "delay.h"
   5          
   6          extern unsigned char FLAG_RETURN_MAIN;
   7          
   8          
   9          // 初始化外部中断0（P32下降沿触发）
  10          void Init_INT0(void)
  11          {
  12   1          IT0 = 1; // 触发方式，下降沿触发
  13   1          IE0 = 0; // 清标志位
  14   1          EX0 = 1; // 外部中断0的开关，开
  15   1          EA = 1;  // 中断总开关，开
  16   1          PX0 = 0; // 配置优先级，低
  17   1      }
  18          
  19          // 初始化外部中断1（P33下降沿触发）
  20          void Init_INT1(void)
  21          {
  22   1          IT1 = 1; // 触发方式，下降沿触发
  23   1          IE1 = 0; // 清标志位
  24   1          EX1 = 1; // 外部中断1的开关，开
  25   1          EA = 1;  // 中断总开关，开
  26   1          PX1 = 1; // 配置优先级，高
  27   1      }
  28          
  29          // 外部中断0处理程序（中断向量0）
  30          void INT0_IRQHandler(void) interrupt 0
  31          {
  32   1          // 按键 1 按下关闭 LED1-LED4，并且点亮 LED5-LED6，持续大概 800ms 后关闭
  33   1          TurnOffLED(0);
  34   1          TurnOffLED(1);
  35   1          TurnOffLED(2);
  36   1          TurnOffLED(3);
  37   1      
  38   1          TurnOnLED(4);
  39   1          TurnOnLED(5);
  40   1      
  41   1          DelayXms(800);
  42   1      
  43   1          TurnOffLED(4);
  44   1          TurnOffLED(5);
  45   1      
  46   1          if (FLAG_RETURN_MAIN == 1)
  47   1          {
  48   2              TurnOnLED(0);
  49   2              FLAG_RETURN_MAIN = 0;
  50   2          }
  51   1          
  52   1      }
  53          
  54          // 外部中断1处理程序（中断向量2）
C51 COMPILER V9.60.0.0   EXTERNALINTERRUPT                                                 03/18/2022 11:35:52 PAGE 2   

  55          void INT1_IRQHandler(void) interrupt 2
  56          {
  57   1          // 按键 2 按下点亮 LED7-LED8，持续大概 800ms 后关闭
  58   1          TurnOnLED(6);
  59   1          TurnOnLED(7);
  60   1      
  61   1          DelayXms(800);
  62   1      
  63   1          TurnOffLED(6);
  64   1          TurnOffLED(7);
  65   1          if (FLAG_RETURN_MAIN == 1)
  66   1          {
  67   2              TurnOnLED(1);
  68   2              FLAG_RETURN_MAIN = 0;
  69   2          }
  70   1      }


MODULE INFORMATION:   STATIC OVERLAYABLE
   CODE SIZE        =    235    ----
   CONSTANT SIZE    =   ----    ----
   XDATA SIZE       =   ----    ----
   PDATA SIZE       =   ----    ----
   DATA SIZE        =   ----    ----
   IDATA SIZE       =   ----    ----
   BIT SIZE         =   ----    ----
END OF MODULE INFORMATION.


C51 COMPILATION COMPLETE.  0 WARNING(S),  0 ERROR(S)
