C51 COMPILER V9.60.0.0   HELLO_WORLD                                                       03/08/2022 01:53:32 PAGE 1   


C51 COMPILER V9.60.0.0, COMPILATION OF MODULE HELLO_WORLD
OBJECT MODULE PLACED IN .\Objects\hello world.obj
COMPILER INVOKED BY: C:\Keil_v5\C51\BIN\C51.EXE ..\Source\hello world.c OPTIMIZE(8,SPEED) BROWSE DEBUG OBJECTEXTEND PRIN
                    -T(.\Listings\hello world.lst) TABS(2) OBJECT(.\Objects\hello world.obj)

line level    source

   1          #include <reg51.h>
   2          // P1 连 8 个 LED
   3          sbit LED0 = P1 ^ 0;
   4          sbit LED1 = P1 ^ 1;
   5          sbit LED2 = P1 ^ 2;
   6          sbit LED3 = P1 ^ 3;
   7          sbit LED4 = P1 ^ 4;
   8          sbit LED5 = P1 ^ 5;
   9          sbit LED6 = P1 ^ 6;
  10          sbit LED7 = P1 ^ 7;
  11          
  12          // 延迟函数
  13          void Delay_xms(unsigned char ms) // 延时xms
  14          {
  15   1          unsigned int i, j;
  16   1          for (i = 0; i < ms; i++)
  17   1          {
  18   2              // 完整循环完是1000次，即1ms
  19   2              for (j = 0; j < 333; j++)
  20   2                  ; // 空指令
  21   2          }
  22   1      }
  23          
  24          // 逐位亮灭法
  25          void BitByBit(void)
  26          {
  27   1          // 陆续亮灭
  28   1          LED0 = 0;
  29   1          Delay_xms(100);
  30   1          LED0 = 1;
  31   1      
  32   1          LED1 = 0;
  33   1          Delay_xms(100);
  34   1          LED1 = 1;
  35   1      
  36   1          LED2 = 0;
  37   1          Delay_xms(100);
  38   1          LED2 = 1;
  39   1      
  40   1          LED3 = 0;
  41   1          Delay_xms(100);
  42   1          LED3 = 1;
  43   1      
  44   1          LED4 = 0;
  45   1          Delay_xms(100);
  46   1          LED4 = 1;
  47   1      
  48   1          LED5 = 0;
  49   1          Delay_xms(100);
  50   1          LED5 = 1;
  51   1      
  52   1          LED6 = 0;
  53   1          Delay_xms(100);
  54   1          LED6 = 1;
C51 COMPILER V9.60.0.0   HELLO_WORLD                                                       03/08/2022 01:53:32 PAGE 2   

  55   1      
  56   1          LED7 = 0;
  57   1          Delay_xms(100);
  58   1          LED7 = 1;
  59   1      }
  60          
  61          // 数组控制法
  62          // 对应某位 0
  63          unsigned char LED_DATA[8] = {0xfe, 0xfd, 0xfb, 0xf7, 0xef, 0xdf, 0xbf, 0x7f};
  64          void ArrayControl(void)
  65          {
  66   1          unsigned char i;
  67   1          for (i = 0; i < 8; i++)
  68   1          {
  69   2              P1 = LED_DATA[i];
  70   2              Delay_xms(100);
  71   2          }
  72   1      }
  73          
  74          // 逐位移位法
  75          void BitShift(void)
  76          {
  77   1          unsigned char temp = 0xfe; // 1111 1110
  78   1          unsigned char i = 0;
  79   1          for (; i < 8; i++)
  80   1          {
  81   2              P1 = temp;
  82   2              temp = (temp << 1) + 1; // 1111 1101 （+1 是因为低位补的是 0）
  83   2              Delay_xms(100);
  84   2          }
  85   1      }
  86          
  87          void main(void)
  88          {
  89   1          while (1)
  90   1          {
  91   2              // BitByBit();
  92   2              // ArrayControl();
  93   2              BitShift();
  94   2          }
  95   1      }


MODULE INFORMATION:   STATIC OVERLAYABLE
   CODE SIZE        =    161    ----
   CONSTANT SIZE    =   ----    ----
   XDATA SIZE       =   ----    ----
   PDATA SIZE       =   ----    ----
   DATA SIZE        =      8       1
   IDATA SIZE       =   ----    ----
   BIT SIZE         =   ----    ----
END OF MODULE INFORMATION.


C51 COMPILATION COMPLETE.  0 WARNING(S),  0 ERROR(S)
