C51 COMPILER V9.60.0.0   EXTERNALINTERRUPT                                                 03/21/2022 16:11:03 PAGE 1   


C51 COMPILER V9.60.0.0, COMPILATION OF MODULE EXTERNALINTERRUPT
OBJECT MODULE PLACED IN .\Objects\ExternalInterrupt.obj
COMPILER INVOKED BY: C:\Keil_v5\C51\BIN\C51.EXE ..\Source\ExternalInterrupt.c OPTIMIZE(8,SPEED) BROWSE DEBUG OBJECTEXTEN
                    -D PRINT(.\Listings\ExternalInterrupt.lst) TABS(2) OBJECT(.\Objects\ExternalInterrupt.obj)

line level    source

   1          #include <reg51.h>
   2          #include "ExternalInterrupt.h"
   3          #include "led.h"
   4          #include "delay.h"
   5          #include "timer.h"
   6          
   7          extern unsigned char FLASH_MODE;
   8          extern unsigned int COUNT_T0_LED1;
   9          // 初始化外部中断0（P32下降沿触发）
  10          void Init_INT0(void)
  11          {
  12   1          IT0 = 1; // 触发方式，下降沿触发
  13   1          IE0 = 0; // 清标志位
  14   1          EX0 = 1; // 外部中断0的开关，开
  15   1          EA = 1;  // 中断总开关，开
  16   1          PX0 = 1; // 配置优先级，高
  17   1      }
  18          
  19          // 外部中断0处理程序（中断向量0）
  20          void INT0_IRQHandler(void) interrupt 0
  21          {
  22   1          // 引发了中断，说明产生了按键操作，(循环)修改闪烁模式
  23   1          FLASH_MODE = (FLASH_MODE + 1) % 4;
  24   1      
  25   1          // 重新开始计数
  26   1          COUNT_T0_LED1 = 0;
  27   1      
  28   1          // 根据 LED7 的亮灭判断中断是否触发
  29   1          SwitchLED(7);
  30   1      }


MODULE INFORMATION:   STATIC OVERLAYABLE
   CODE SIZE        =     85    ----
   CONSTANT SIZE    =   ----    ----
   XDATA SIZE       =   ----    ----
   PDATA SIZE       =   ----    ----
   DATA SIZE        =   ----    ----
   IDATA SIZE       =   ----    ----
   BIT SIZE         =   ----    ----
END OF MODULE INFORMATION.


C51 COMPILATION COMPLETE.  0 WARNING(S),  0 ERROR(S)
