C51 COMPILER V9.60.0.0   MAIN                                                              03/21/2022 16:01:53 PAGE 1   


C51 COMPILER V9.60.0.0, COMPILATION OF MODULE MAIN
OBJECT MODULE PLACED IN .\Objects\main.obj
COMPILER INVOKED BY: C:\Keil_v5\C51\BIN\C51.EXE ..\Source\main.c OPTIMIZE(8,SPEED) BROWSE DEBUG OBJECTEXTEND PRINT(.\Lis
                    -tings\main.lst) TABS(2) OBJECT(.\Objects\main.obj)

line level    source

   1          #include <reg51.h>
   2          #include "delay.h"
   3          #include "led.h"
   4          #include "timer.h"
   5          #include "ExternalInterrupt.h"
   6          
   7          void main(void)
   8          {
   9   1      
  10   1        /**
  11   1         * 使用定时器 0，方式 1，
  12   1         *    控制 LED0 每秒闪烁一次。
  13   1         *    用一个按键控制 LED1，默认 100ms 闪烁一次，
  14   1         *        按下第一次每 200ms 闪烁一次，
  15   1         *        再按一次，400ms 闪烁一次，
  16   1         *        第三次按下，1s 闪烁一次，
  17   1         *        再次按下重复之前步骤（恢复100ms闪烁一次）。
  18   1         */
  19   1      
  20   1        // 定时器初始化
  21   1        Init_T0_MODE1();
  22   1      
  23   1        // 外部中断0 初始化
  24   1        Init_INT0();
  25   1      
  26   1        while (1)
  27   1        {
  28   2          ;
  29   2          // // 点亮 LED1~LED4
  30   2          // TurnOnLED(0);
  31   2          // TurnOnLED(1);
  32   2          // TurnOnLED(2);
  33   2          // TurnOnLED(3);
  34   2        }
  35   1      }


MODULE INFORMATION:   STATIC OVERLAYABLE
   CODE SIZE        =      8    ----
   CONSTANT SIZE    =   ----    ----
   XDATA SIZE       =   ----    ----
   PDATA SIZE       =   ----    ----
   DATA SIZE        =   ----    ----
   IDATA SIZE       =   ----    ----
   BIT SIZE         =   ----    ----
END OF MODULE INFORMATION.


C51 COMPILATION COMPLETE.  0 WARNING(S),  0 ERROR(S)
