C51 COMPILER V9.60.0.0   MAIN                                                              03/08/2022 19:35:05 PAGE 1   


C51 COMPILER V9.60.0.0, COMPILATION OF MODULE MAIN
OBJECT MODULE PLACED IN .\Objects\main.obj
COMPILER INVOKED BY: C:\Keil_v5\C51\BIN\C51.EXE ..\Source\main.c OPTIMIZE(8,SPEED) BROWSE DEBUG OBJECTEXTEND PRINT(.\Lis
                    -tings\main.lst) TABS(2) OBJECT(.\Objects\main.obj)

line level    source

   1          #include <reg51.h>
   2          
   3          // 4 个开关
   4          sbit KEY1 = P3 ^ 0;
   5          sbit KEY2 = P3 ^ 1;
   6          sbit KEY3 = P3 ^ 2;
   7          sbit KEY4 = P3 ^ 3;
   8          
   9          // 8 个 LED 灯
  10          sbit LED1 = P0 ^ 0;
  11          sbit LED2 = P0 ^ 1;
  12          sbit LED3 = P0 ^ 2;
  13          sbit LED4 = P0 ^ 3;
  14          sbit LED5 = P0 ^ 4;
  15          sbit LED6 = P0 ^ 5;
  16          sbit LED7 = P0 ^ 6;
  17          sbit LED8 = P0 ^ 7;
  18          
  19          // LED 亮灭数组
  20          unsigned char LED_DATA[8] = {0xfe, 0xfd, 0xfb, 0xf7, 0xef, 0xdf, 0xbf, 0x7f};
  21          
  22          // 延迟函数
  23          void DelayXms(unsigned char ms) // 延时 xms
  24          {
  25   1          unsigned int i, j;
  26   1          for (i = 0; i < ms; i++)
  27   1          {
  28   2              // 完整循环完是 1000 次，即 1ms
  29   2              for (j = 0; j < 333; j++)
  30   2                  ; // 空指令
  31   2          }
  32   1      }
  33          
  34          /**
  35           * 第一个按键：按下一次，LED1 亮，再次按下，LED1 灭。
  36           * 第二个按键：按下一次，LED1 亮，按下第二次，LED2 亮，按下第三次，LED3 亮，
  37           *             按下第四次，LED4 亮，按下第五次 LED1 亮，依次往复。
  38           * 第三个按键：按下，所有 LED 灭。
  39           * 第四个按键：按下，所有 LED 亮。
  40           */
  41          
  42          void Key1Function()
  43          {
  44   1          LED1 = ~LED1; // LED 灯状态与上次的相反
  45   1      }
  46          
  47          void Key2Function()
  48          {
  49   1          // 维护一个静态变量确定目前是第几次按下
  50   1          static unsigned char count = 0;
  51   1          P0 = LED_DATA[count];
  52   1          count = (++count) % 8;
  53   1      }
  54          void Key3Function()
C51 COMPILER V9.60.0.0   MAIN                                                              03/08/2022 19:35:05 PAGE 2   

  55          {
  56   1          P0 = 0x00;
  57   1      }
  58          void Key4Function()
  59          {
  60   1          P0 = 0xff;
  61   1      }
  62          
  63          void main(void)
  64          {
  65   1          while (1)
  66   1          {
  67   2              // 应该可以用 switch，但是好像没什么意义
  68   2              if (KEY1 == 0)
  69   2              {
  70   3                  DelayXms(10); // 延迟检测
  71   3                  if (KEY1 == 0)
  72   3                  {
  73   4                      // 需要等待按键松开是因为如果按下的时间过长，会进入下一次循环
             -，重复这个操作，而这和设计逻辑可能是相悖的
  74   4                      while (KEY1 == 0)
  75   4                          ; // 等待按键松开（KEY1 变为 1）
  76   4                      Key1Function();
  77   4                  }
  78   3              }
  79   2      
  80   2              if (KEY2 == 0)
  81   2              {
  82   3                  DelayXms(10);
  83   3                  if (KEY2 == 0)
  84   3                  {
  85   4                      while (KEY2 == 0)
  86   4                          ;
  87   4                      Key2Function();
  88   4                  }
  89   3              }
  90   2      
  91   2              if (KEY3 == 0)
  92   2              {
  93   3                  DelayXms(10);
  94   3                  if (KEY3 == 0)
  95   3                  {
  96   4                      while (KEY3 == 0)
  97   4                          ;
  98   4                      Key3Function();
  99   4                  }
 100   3              }
 101   2      
 102   2              if (KEY4 == 0)
 103   2              {
 104   3                  DelayXms(10);
 105   3                  if (KEY4 == 0)
 106   3                  {
 107   4                      while (KEY4 == 0)
 108   4                          ;
 109   4                      Key4Function();
 110   4                  }
 111   3              }
 112   2          }
 113   1      }


C51 COMPILER V9.60.0.0   MAIN                                                              03/08/2022 19:35:05 PAGE 3   

MODULE INFORMATION:   STATIC OVERLAYABLE
   CODE SIZE        =    133    ----
   CONSTANT SIZE    =   ----    ----
   XDATA SIZE       =   ----    ----
   PDATA SIZE       =   ----    ----
   DATA SIZE        =      9    ----
   IDATA SIZE       =   ----    ----
   BIT SIZE         =   ----    ----
END OF MODULE INFORMATION.


C51 COMPILATION COMPLETE.  0 WARNING(S),  0 ERROR(S)
