C51 COMPILER V9.60.0.0   MAIN                                                              03/10/2022 01:41:35 PAGE 1   


C51 COMPILER V9.60.0.0, COMPILATION OF MODULE MAIN
OBJECT MODULE PLACED IN .\Objects\main.obj
COMPILER INVOKED BY: C:\Keil_v5\C51\BIN\C51.EXE ..\Source\main.c OPTIMIZE(8,SPEED) BROWSE DEBUG OBJECTEXTEND PRINT(.\Lis
                    -tings\main.lst) TABS(2) OBJECT(.\Objects\main.obj)

line level    source

   1          #include <reg51.h>
   2          
   3          // 延迟函数
   4          void DelayXms(unsigned char ms) // 延时 xms
   5          {
   6   1          unsigned int i, j;
   7   1          for (i = 0; i < ms; i++)
   8   1          {
   9   2              // 完整循环完是 1000 次，即 1ms
  10   2              for (j = 0; j < 333; j++)
  11   2                  ; // 空指令
  12   2          }
  13   1      }
  14          
  15          /**
  16           * 1. 计算出共阳极和共阴数码管显示0-9对应的编码
  17           * 阳极：
  18           *      0：1100 0000 → 0xc0
  19           *      1：1111 1001 → 0xf9
  20           *       ……
  21           * 阴极 是阳极取反
  22           *
  23           * 2. 循环显示学号
  24           */
  25          
  26          // 阳极 0~9
  27          unsigned char SEG_NUMERAL_DATA_COMMON_ANODE[10] = {0xC0, 0xF9, 0xA4, 0xB0, 0x99, 0x92, 0x82, 0xF8, 0x80, 0
             -x90};
  28          
  29          // 阴极 0~~9
  30          unsigned char SEG_NUMERAL_DATA_COMMON_CATHODE[10] = {0x3F, 0x06, 0x5B, 0x4F, 0x66, 0x6d, 0x7d, 0x07, 0x7F,
             - 0x6F};
  31          
  32          void CommonAnodeSegmentDisplayShowNumber(void)
  33          {
  34   1          unsigned char i;
  35   1          for (i = 0; i < 10; i = (++i) % 10)
  36   1          {
  37   2              P1 = SEG_NUMERAL_DATA_COMMON_ANODE[i];
  38   2              DelayXms(200);
  39   2          }
  40   1      }
  41          
  42          void CommonCathodeSegmentDisplayShowNumber(void)
  43          {
  44   1          unsigned char i;
  45   1          for (i = 0; i < 10; i = (++i) % 10)
  46   1          {
  47   2              P1 = SEG_NUMERAL_DATA_COMMON_CATHODE[i];
  48   2              DelayXms(200);
  49   2          }
  50   1      }
  51          void main(void)
  52          {
C51 COMPILER V9.60.0.0   MAIN                                                              03/10/2022 01:41:35 PAGE 2   

  53   1          while (1)
  54   1          {
  55   2              CommonCathodeSegmentDisplayShowNumber();
  56   2              // P1=0X5B;
  57   2          }
  58   1      }


MODULE INFORMATION:   STATIC OVERLAYABLE
   CODE SIZE        =    103    ----
   CONSTANT SIZE    =   ----    ----
   XDATA SIZE       =   ----    ----
   PDATA SIZE       =   ----    ----
   DATA SIZE        =     20    ----
   IDATA SIZE       =   ----    ----
   BIT SIZE         =   ----    ----
END OF MODULE INFORMATION.


C51 COMPILATION COMPLETE.  0 WARNING(S),  0 ERROR(S)
