C51 COMPILER V9.60.0.0   MAIN                                                              03/14/2022 19:33:53 PAGE 1   


C51 COMPILER V9.60.0.0, COMPILATION OF MODULE MAIN
OBJECT MODULE PLACED IN .\Objects\main.obj
COMPILER INVOKED BY: C:\Keil_v5\C51\BIN\C51.EXE ..\Source\main.c OPTIMIZE(8,SPEED) BROWSE DEBUG OBJECTEXTEND PRINT(.\Lis
                    -tings\main.lst) TABS(2) OBJECT(.\Objects\main.obj)

line level    source

   1          #include <reg51.h>
   2          #include "delay.h"
   3          #include "lcd1602.h"
   4          #include "key.h"
   5          
   6          /**
   7           * 第一行显示 AbCd@123.com
   8           * 第二行显示 a=10 b=20
   9           * 按键1按下a+1
  10           * 按键2按下a-1
  11           * 按键3按下b+5
  12           * 按键4按下b-5
  13           *
  14           */
  15          void main(void)
  16          {
  17   1          unsigned int a = 10, b = 20;
  18   1      
  19   1          LCD1602_Init();
  20   1          LCD1602_string(0, 0, "AbCd@123.com");
  21   1          LCD1602_string(1, 0, "a=10 b=20");
  22   1          while (1)
  23   1          {
  24   2              // 实验发现，只要while循环里有延时，lcd1602 就会屏闪，按键检测也失效，
             -部分内容先搁置
  25   2              if (KEY1 == 0)
  26   2              {
  27   3                  DelayXms(10);
  28   3                  if (KEY1 == 0){
  29   4                      LCD1602_2num(1,12,99);
  30   4                  }
  31   3              }
  32   2          }
  33   1      }


MODULE INFORMATION:   STATIC OVERLAYABLE
   CODE SIZE        =     66    ----
   CONSTANT SIZE    =     23    ----
   XDATA SIZE       =   ----    ----
   PDATA SIZE       =   ----    ----
   DATA SIZE        =   ----       4
   IDATA SIZE       =   ----    ----
   BIT SIZE         =   ----    ----
END OF MODULE INFORMATION.


C51 COMPILATION COMPLETE.  0 WARNING(S),  0 ERROR(S)
